AH00558: apache2: Could not reliably determine the server's fully qualified domain name, using 172.20.0.4. Set the 'ServerName' directive globally to suppress this message
[Thu Nov 29 10:18:41.381071 2018] [mpm_prefork:notice] [pid 1] AH00163: Apache/2.4.25 (Debian) PHP/7.1.24 configured -- resuming normal operations
[Thu Nov 29 10:18:41.381110 2018] [core:notice] [pid 1] AH00094: Command line: 'apache2 -D FOREGROUND'
[Thu Nov 29 10:35:28.894458 2018] [mpm_prefork:notice] [pid 1] AH00169: caught SIGTERM, shutting down
AH00558: apache2: Could not reliably determine the server's fully qualified domain name, using 172.20.0.4. Set the 'ServerName' directive globally to suppress this message
[Thu Nov 29 11:54:50.033574 2018] [mpm_prefork:notice] [pid 1] AH00163: Apache/2.4.25 (Debian) PHP/7.1.24 configured -- resuming normal operations
[Thu Nov 29 11:54:50.033631 2018] [core:notice] [pid 1] AH00094: Command line: 'apache2 -D FOREGROUND'
[Thu Nov 29 11:55:50.189482 2018] [mpm_prefork:notice] [pid 1] AH00169: caught SIGTERM, shutting down
AH00558: apache2: Could not reliably determine the server's fully qualified domain name, using 172.20.0.4. Set the 'ServerName' directive globally to suppress this message
[Thu Nov 29 12:21:01.347489 2018] [mpm_prefork:notice] [pid 1] AH00163: Apache/2.4.25 (Debian) PHP/7.1.24 configured -- resuming normal operations
[Thu Nov 29 12:21:01.347530 2018] [core:notice] [pid 1] AH00094: Command line: 'apache2 -D FOREGROUND'
[Thu Nov 29 12:23:31.790370 2018] [mpm_prefork:notice] [pid 1] AH00169: caught SIGTERM, shutting down
AH00558: apache2: Could not reliably determine the server's fully qualified domain name, using 172.20.0.3. Set the 'ServerName' directive globally to suppress this message
[Thu Nov 29 13:47:58.081119 2018] [mpm_prefork:notice] [pid 1] AH00163: Apache/2.4.25 (Debian) PHP/7.1.24 configured -- resuming normal operations
[Thu Nov 29 13:47:58.081162 2018] [core:notice] [pid 1] AH00094: Command line: 'apache2 -D FOREGROUND'
[Thu Nov 29 13:48:00.349562 2018] [mpm_prefork:notice] [pid 1] AH00169: caught SIGTERM, shutting down
AH00558: apache2: Could not reliably determine the server's fully qualified domain name, using 172.20.0.4. Set the 'ServerName' directive globally to suppress this message
[Thu Nov 29 13:48:07.724207 2018] [mpm_prefork:notice] [pid 1] AH00163: Apache/2.4.25 (Debian) PHP/7.1.24 configured -- resuming normal operations
[Thu Nov 29 13:48:07.724257 2018] [core:notice] [pid 1] AH00094: Command line: 'apache2 -D FOREGROUND'
[Thu Nov 29 14:23:22.035139 2018] [mpm_prefork:notice] [pid 1] AH00169: caught SIGTERM, shutting down
AH00558: apache2: Could not reliably determine the server's fully qualified domain name, using 172.21.0.4. Set the 'ServerName' directive globally to suppress this message
[Thu Nov 29 14:24:25.756339 2018] [mpm_prefork:notice] [pid 1] AH00163: Apache/2.4.25 (Debian) PHP/7.1.24 configured -- resuming normal operations
[Thu Nov 29 14:24:25.756379 2018] [core:notice] [pid 1] AH00094: Command line: 'apache2 -D FOREGROUND'
[Thu Nov 29 14:26:45.398016 2018] [mpm_prefork:notice] [pid 1] AH00169: caught SIGTERM, shutting down
AH00558: apache2: Could not reliably determine the server's fully qualified domain name, using 172.21.0.3. Set the 'ServerName' directive globally to suppress this message
[Thu Nov 29 14:29:54.566276 2018] [mpm_prefork:notice] [pid 1] AH00163: Apache/2.4.25 (Debian) PHP/7.1.24 configured -- resuming normal operations
[Thu Nov 29 14:29:54.566331 2018] [core:notice] [pid 1] AH00094: Command line: 'apache2 -D FOREGROUND'
[Thu Nov 29 14:31:08.362076 2018] [mpm_prefork:notice] [pid 1] AH00169: caught SIGTERM, shutting down
AH00558: apache2: Could not reliably determine the server's fully qualified domain name, using 172.21.0.4. Set the 'ServerName' directive globally to suppress this message
[Thu Nov 29 14:31:14.976598 2018] [mpm_prefork:notice] [pid 1] AH00163: Apache/2.4.25 (Debian) PHP/7.1.24 configured -- resuming normal operations
[Thu Nov 29 14:31:14.976638 2018] [core:notice] [pid 1] AH00094: Command line: 'apache2 -D FOREGROUND'
[Fri Nov 30 03:20:09.610145 2018] [mpm_prefork:notice] [pid 1] AH00169: caught SIGTERM, shutting down
